<?xml version="1.0" encoding="UTF-8"?>
<!-- Generated by org.testng.reporters.JUnitXMLReporter -->
<testsuite ignored="0" hostname="DESKTOP-1Q4QQET" failures="1" tests="1" name="Edge Test" time="1.068" errors="0" timestamp="2026-03-03T15:53:19 IST">
  <testcase classname="tests.E2ETest" name="completeOrderTest" time="0.997">
    <failure type="org.testng.internal.reflect.MethodMatcherException" message="
[public void tests.E2ETest.completeOrderTest(java.lang.String,java.lang.String)] has no parameters defined but was found to be using a data provider (either explicitly specified or inherited from class level annotation).
Data provider mismatch
Method: completeOrderTest([java.lang.String arg0, java.lang.String arg1])
Arguments: [(java.lang.String) standard_user,(java.lang.String) secret_sauce,(java.lang.String) Success]">
      <![CDATA[org.testng.internal.reflect.MethodMatcherException: 
[public void tests.E2ETest.completeOrderTest(java.lang.String,java.lang.String)] has no parameters defined but was found to be using a data provider (either explicitly specified or inherited from class level annotation).
Data provider mismatch
Method: completeOrderTest([java.lang.String arg0, java.lang.String arg1])
Arguments: [(java.lang.String) standard_user,(java.lang.String) secret_sauce,(java.lang.String) Success]
at java.base/java.util.ArrayList.forEach(ArrayList.java:1511)
at java.base/java.util.concurrent.FutureTask.run(FutureTask.java:317)
at java.base/java.util.concurrent.ThreadPoolExecutor.runWorker(ThreadPoolExecutor.java:1144)
at java.base/java.util.concurrent.ThreadPoolExecutor$Worker.run(ThreadPoolExecutor.java:642)
at java.base/java.lang.Thread.run(Thread.java:1589)
... Removed 12 stack frames]]>
    </failure>
  </testcase> <!-- completeOrderTest -->
</testsuite> <!-- Edge Test -->
